******************************************************
"Selection Sort"

Sorted List: 
108 110 149 150 165 182 191 194 199 205 222 228 229 250 291 305 338 341 344 350 351 386 395 404 481 482 492 504 545 607 613 620 646 729 735 741 743 774 777 809 828 841 842 853 854 878 900 929 943 987 

# of Loop iterations: 49
# of moves by sorting: 49
******************************************************

******************************************************
"Insertion Sort"

Sorted List: 
108 110 149 150 165 182 191 194 199 205 222 228 229 250 291 305 338 341 344 350 351 386 395 404 481 482 492 504 545 607 613 620 646 729 735 741 743 774 777 809 828 841 842 853 854 878 900 929 943 987 

# of Loop iterations: 651
# of moves by sorting: 648
******************************************************

******************************************************
"Quick Sort"

Sorted List: 
108 110 149 150 165 182 191 194 199 205 222 228 229 250 291 305 338 341 344 350 351 386 395 404 481 482 492 504 545 607 613 620 646 729 735 741 743 774 777 809 828 841 842 853 854 878 900 929 943 987 

# of Loop iterations: 223
# of moves by sorting: 100
******************************************************
